{"name": "Successful fill form", "status": "failed", "statusDetails": {"message": "selene.core.exceptions.TimeoutException: Message: \n\nTimed out after 4s, while waiting for:\nbrowser.element(('css selector', '#uploadPicture')).set value: C:\\Users\\User\\Projects\\qa_quru_jenkins_3_10-master\\tests\\resources\\img1.png\n\nReason: InvalidArgumentException: Message: invalid argument: File not found : C:\\Users\\User\\Projects\\qa_quru_jenkins_3_10-master\\tests\\resources\\img1.png\n  (Session info: chrome=100.0.4896.60)\nStacktrace:\n#0 0x56499066c013 <unknown>\n#1 0x5649903cea08 <unknown>\n#2 0x5649903fddd6 <unknown>\n#3 0x564990422932 <unknown>\n#4 0x5649903f96d3 <unknown>\n#5 0x564990422a3e <unknown>\n#6 0x564990435b94 <unknown>\n#7 0x564990422823 <unknown>\n#8 0x5649903f808a <unknown>\n#9 0x5649903f91e5 <unknown>\n#10 0x564990699e5d <unknown>\n#11 0x5649906b3061 <unknown>\n#12 0x56499069bbb5 <unknown>\n#13 0x5649906b3e08 <unknown>\n#14 0x56499068f2f0 <unknown>\n#15 0x5649906cf988 <unknown>\n#16 0x5649906cfb08 <unknown>\n#17 0x5649906e95dd <unknown>\n#18 0x7febfb4d1609 <unknown>\n\nScreenshot: file://C:\\Users\\User\\.selene\\screenshots\\1674599624966\\1674599624967.png\nPageSource: file://C:\\Users\\User\\.selene\\screenshots\\1674599624966\\1674599624967.html", "trace": "fn = <selene.core.wait.Command object at 0x000001D2F7D39550>\n\n    @self._decorator(self)\n    def _(fn: Callable[[E], R]) -> R:\n        finish_time = time.time() + self._timeout\n    \n        while True:\n            try:\n>               return fn(self.entity)\n\n..\\..\\qaguru\\qa_guru_python_allure1_7\\qa_quru_jenkins_3_10-master\\Lib\\site-packages\\selene\\core\\wait.py:122: \n_ _ _ _ _ _ _ _ _ _ _ _ _ _ _ _ _ _ _ _ _ _ _ _ _ _ _ _ _ _ _ _ _ _ _ _ _ _ _ _\n\nself = <selene.core.wait.Command object at 0x000001D2F7D39550>\nentity = <selene.core.entity.Element object at 0x000001D2F7D6D7D0>\n\n    def __call__(self, entity: T) -> R:\n>       return self._fn(entity)\n\n..\\..\\qaguru\\qa_guru_python_allure1_7\\qa_quru_jenkins_3_10-master\\Lib\\site-packages\\selene\\core\\wait.py:61: \n_ _ _ _ _ _ _ _ _ _ _ _ _ _ _ _ _ _ _ _ _ _ _ _ _ _ _ _ _ _ _ _ _ _ _ _ _ _ _ _\n\nelement = <selene.core.entity.Element object at 0x000001D2F7D6D7D0>\n\n    def fn(element: Element):\n        webelement = (\n            element._actual_not_overlapped_webelement\n            if self.config.wait_for_no_overlap_found_by_js\n            else element()\n        )\n        webelement.clear()  # todo: change to impl based not on clear, because clear generates post-events...\n>       webelement.send_keys(str(value))\n\n..\\..\\qaguru\\qa_guru_python_allure1_7\\qa_quru_jenkins_3_10-master\\Lib\\site-packages\\selene\\core\\entity.py:334: \n_ _ _ _ _ _ _ _ _ _ _ _ _ _ _ _ _ _ _ _ _ _ _ _ _ _ _ _ _ _ _ _ _ _ _ _ _ _ _ _\n\nself = <selenium.webdriver.remote.webelement.WebElement (session=\"f39bb94ab6d617946f14c819053c8b03\", element=\"3510205e-dc7c-44cb-ad15-1de60acab1ee\")>\nvalue = ('C:\\\\Users\\\\User\\\\Projects\\\\qa_quru_jenkins_3_10-master\\\\tests\\\\resources\\\\img1.png',)\nlocal_files = [None]\n\n    def send_keys(self, *value) -> None:\n        \"\"\"Simulates typing into the element.\n    \n        :Args:\n            - value - A string for typing, or setting form fields.  For setting\n              file inputs, this could be a local file path.\n    \n        Use this to send simple key events or to fill out form fields::\n    \n            form_textfield = driver.find_element(By.NAME, 'username')\n            form_textfield.send_keys(\"admin\")\n    \n        This can also be used to set file inputs.\n    \n        ::\n    \n            file_input = driver.find_element(By.NAME, 'profilePic')\n            file_input.send_keys(\"path/to/profilepic.gif\")\n            # Generally it's better to wrap the file path in one of the methods\n            # in os.path to return the actual path to support cross OS testing.\n            # file_input.send_keys(os.path.abspath(\"path/to/profilepic.gif\"))\n    \n        \"\"\"\n        # transfer file to another machine only if remote driver is used\n        # the same behaviour as for java binding\n        if self.parent._is_remote:\n            local_files = list(map(lambda keys_to_send:\n                                   self.parent.file_detector.is_local_file(str(keys_to_send)),\n                                   ''.join(map(str, value)).split('\\n')))\n            if None not in local_files:\n                remote_files = []\n                for file in local_files:\n                    remote_files.append(self._upload(file))\n                value = '\\n'.join(remote_files)\n    \n>       self._execute(Command.SEND_KEYS_TO_ELEMENT,\n                      {'text': \"\".join(keys_to_typing(value)),\n                       'value': keys_to_typing(value)})\n\n..\\..\\qaguru\\qa_guru_python_allure1_7\\qa_quru_jenkins_3_10-master\\Lib\\site-packages\\selenium\\webdriver\\remote\\webelement.py:223: \n_ _ _ _ _ _ _ _ _ _ _ _ _ _ _ _ _ _ _ _ _ _ _ _ _ _ _ _ _ _ _ _ _ _ _ _ _ _ _ _\n\nself = <selenium.webdriver.remote.webelement.WebElement (session=\"f39bb94ab6d617946f14c819053c8b03\", element=\"3510205e-dc7c-44cb-ad15-1de60acab1ee\")>\ncommand = 'sendKeysToElement'\nparams = {'id': '3510205e-dc7c-44cb-ad15-1de60acab1ee', 'sessionId': 'f39bb94ab6d617946f14c819053c8b03', 'text': 'C:\\\\Users\\\\User\\\\Projects\\\\qa_quru_jenkins_3_10-master\\\\tests\\\\resources\\\\img1.png', 'value': ['C', ':', '\\\\', 'U', 's', 'e', ...]}\n\n    def _execute(self, command, params=None):\n        \"\"\"Executes a command against the underlying HTML element.\n    \n        Args:\n          command: The name of the command to _execute as a string.\n          params: A dictionary of named parameters to send with the command.\n    \n        Returns:\n          The command's JSON response loaded into a dictionary object.\n        \"\"\"\n        if not params:\n            params = {}\n        params['id'] = self._id\n>       return self._parent.execute(command, params)\n\n..\\..\\qaguru\\qa_guru_python_allure1_7\\qa_quru_jenkins_3_10-master\\Lib\\site-packages\\selenium\\webdriver\\remote\\webelement.py:396: \n_ _ _ _ _ _ _ _ _ _ _ _ _ _ _ _ _ _ _ _ _ _ _ _ _ _ _ _ _ _ _ _ _ _ _ _ _ _ _ _\n\nself = <selenium.webdriver.remote.webdriver.WebDriver (session=\"f39bb94ab6d617946f14c819053c8b03\")>\ndriver_command = 'sendKeysToElement'\nparams = {'id': '3510205e-dc7c-44cb-ad15-1de60acab1ee', 'text': 'C:\\\\Users\\\\User\\\\Projects\\\\qa_quru_jenkins_3_10-master\\\\tests\\\\resources\\\\img1.png', 'value': ['C', ':', '\\\\', 'U', 's', 'e', ...]}\n\n    def execute(self, driver_command: str, params: dict = None) -> dict:\n        \"\"\"\n        Sends a command to be executed by a command.CommandExecutor.\n    \n        :Args:\n         - driver_command: The name of the command to execute as a string.\n         - params: A dictionary of named parameters to send with the command.\n    \n        :Returns:\n          The command's JSON response loaded into a dictionary object.\n        \"\"\"\n        if self.session_id:\n            if not params:\n                params = {'sessionId': self.session_id}\n            elif 'sessionId' not in params:\n                params['sessionId'] = self.session_id\n    \n        params = self._wrap_value(params)\n        response = self.command_executor.execute(driver_command, params)\n        if response:\n>           self.error_handler.check_response(response)\n\n..\\..\\qaguru\\qa_guru_python_allure1_7\\qa_quru_jenkins_3_10-master\\Lib\\site-packages\\selenium\\webdriver\\remote\\webdriver.py:428: \n_ _ _ _ _ _ _ _ _ _ _ _ _ _ _ _ _ _ _ _ _ _ _ _ _ _ _ _ _ _ _ _ _ _ _ _ _ _ _ _\n\nself = <selenium.webdriver.remote.errorhandler.ErrorHandler object at 0x000001D2F7B39950>\nresponse = {'status': 400, 'value': '{\"value\":{\"error\":\"invalid argument\",\"message\":\"invalid argument: File not found : C:\\\\\\\\Use...\\\\n#16 0x5649906cfb08 \\\\u003Cunknown>\\\\n#17 0x5649906e95dd \\\\u003Cunknown>\\\\n#18 0x7febfb4d1609 \\\\u003Cunknown>\\\\n\"}}'}\n\n    def check_response(self, response: Dict[str, Any]) -> None:\n        \"\"\"\n        Checks that a JSON response from the WebDriver does not have an error.\n    \n        :Args:\n         - response - The JSON response from the WebDriver server as a dictionary\n           object.\n    \n        :Raises: If the response contains an error message.\n        \"\"\"\n        status = response.get('status', None)\n        if not status or status == ErrorCode.SUCCESS:\n            return\n        value = None\n        message = response.get(\"message\", \"\")\n        screen: str = response.get(\"screen\", \"\")\n        stacktrace = None\n        if isinstance(status, int):\n            value_json = response.get('value', None)\n            if value_json and isinstance(value_json, str):\n                import json\n                try:\n                    value = json.loads(value_json)\n                    if len(value.keys()) == 1:\n                        value = value['value']\n                    status = value.get('error', None)\n                    if not status:\n                        status = value.get(\"status\", ErrorCode.UNKNOWN_ERROR)\n                        message = value.get(\"value\") or value.get(\"message\")\n                        if not isinstance(message, str):\n                            value = message\n                            message = message.get('message')\n                    else:\n                        message = value.get('message', None)\n                except ValueError:\n                    pass\n    \n        exception_class: Type[WebDriverException]\n        if status in ErrorCode.NO_SUCH_ELEMENT:\n            exception_class = NoSuchElementException\n        elif status in ErrorCode.NO_SUCH_FRAME:\n            exception_class = NoSuchFrameException\n        elif status in ErrorCode.NO_SUCH_SHADOW_ROOT:\n            exception_class = NoSuchShadowRootException\n        elif status in ErrorCode.NO_SUCH_WINDOW:\n            exception_class = NoSuchWindowException\n        elif status in ErrorCode.STALE_ELEMENT_REFERENCE:\n            exception_class = StaleElementReferenceException\n        elif status in ErrorCode.ELEMENT_NOT_VISIBLE:\n            exception_class = ElementNotVisibleException\n        elif status in ErrorCode.INVALID_ELEMENT_STATE:\n            exception_class = InvalidElementStateException\n        elif status in ErrorCode.INVALID_SELECTOR \\\n                or status in ErrorCode.INVALID_XPATH_SELECTOR \\\n                or status in ErrorCode.INVALID_XPATH_SELECTOR_RETURN_TYPER:\n            exception_class = InvalidSelectorException\n        elif status in ErrorCode.ELEMENT_IS_NOT_SELECTABLE:\n            exception_class = ElementNotSelectableException\n        elif status in ErrorCode.ELEMENT_NOT_INTERACTABLE:\n            exception_class = ElementNotInteractableException\n        elif status in ErrorCode.INVALID_COOKIE_DOMAIN:\n            exception_class = InvalidCookieDomainException\n        elif status in ErrorCode.UNABLE_TO_SET_COOKIE:\n            exception_class = UnableToSetCookieException\n        elif status in ErrorCode.TIMEOUT:\n            exception_class = TimeoutException\n        elif status in ErrorCode.SCRIPT_TIMEOUT:\n            exception_class = TimeoutException\n        elif status in ErrorCode.UNKNOWN_ERROR:\n            exception_class = WebDriverException\n        elif status in ErrorCode.UNEXPECTED_ALERT_OPEN:\n            exception_class = UnexpectedAlertPresentException\n        elif status in ErrorCode.NO_ALERT_OPEN:\n            exception_class = NoAlertPresentException\n        elif status in ErrorCode.IME_NOT_AVAILABLE:\n            exception_class = ImeNotAvailableException\n        elif status in ErrorCode.IME_ENGINE_ACTIVATION_FAILED:\n            exception_class = ImeActivationFailedException\n        elif status in ErrorCode.MOVE_TARGET_OUT_OF_BOUNDS:\n            exception_class = MoveTargetOutOfBoundsException\n        elif status in ErrorCode.JAVASCRIPT_ERROR:\n            exception_class = JavascriptException\n        elif status in ErrorCode.SESSION_NOT_CREATED:\n            exception_class = SessionNotCreatedException\n        elif status in ErrorCode.INVALID_ARGUMENT:\n            exception_class = InvalidArgumentException\n        elif status in ErrorCode.NO_SUCH_COOKIE:\n            exception_class = NoSuchCookieException\n        elif status in ErrorCode.UNABLE_TO_CAPTURE_SCREEN:\n            exception_class = ScreenshotException\n        elif status in ErrorCode.ELEMENT_CLICK_INTERCEPTED:\n            exception_class = ElementClickInterceptedException\n        elif status in ErrorCode.INSECURE_CERTIFICATE:\n            exception_class = InsecureCertificateException\n        elif status in ErrorCode.INVALID_COORDINATES:\n            exception_class = InvalidCoordinatesException\n        elif status in ErrorCode.INVALID_SESSION_ID:\n            exception_class = InvalidSessionIdException\n        elif status in ErrorCode.UNKNOWN_METHOD:\n            exception_class = UnknownMethodException\n        else:\n            exception_class = WebDriverException\n        if not value:\n            value = response['value']\n        if isinstance(value, str):\n            raise exception_class(value)\n        if message == \"\" and 'message' in value:\n            message = value['message']\n    \n        screen = None  # type: ignore[assignment]\n        if 'screen' in value:\n            screen = value['screen']\n    \n        stacktrace = None\n        st_value = value.get('stackTrace') or value.get('stacktrace')\n        if st_value:\n            if isinstance(st_value, str):\n                stacktrace = st_value.split('\\n')\n            else:\n                stacktrace = []\n                try:\n                    for frame in st_value:\n                        line = frame.get(\"lineNumber\", \"\")\n                        file = frame.get(\"fileName\", \"<anonymous>\")\n                        if line:\n                            file = f\"{file}:{line}\"\n                        meth = frame.get('methodName', '<anonymous>')\n                        if 'className' in frame:\n                            meth = \"{}.{}\".format(frame['className'], meth)\n                        msg = \"    at %s (%s)\"\n                        msg = msg % (meth, file)\n                        stacktrace.append(msg)\n                except TypeError:\n                    pass\n        if exception_class == UnexpectedAlertPresentException:\n            alert_text = None\n            if 'data' in value:\n                alert_text = value['data'].get('text')\n            elif 'alert' in value:\n                alert_text = value['alert'].get('text')\n            raise exception_class(message, screen, stacktrace, alert_text)  # type: ignore[call-arg]  # mypy is not smart enough here\n>       raise exception_class(message, screen, stacktrace)\nE       selenium.common.exceptions.InvalidArgumentException: Message: invalid argument: File not found : C:\\Users\\User\\Projects\\qa_quru_jenkins_3_10-master\\tests\\resources\\img1.png\nE         (Session info: chrome=100.0.4896.60)\nE       Stacktrace:\nE       #0 0x56499066c013 <unknown>\nE       #1 0x5649903cea08 <unknown>\nE       #2 0x5649903fddd6 <unknown>\nE       #3 0x564990422932 <unknown>\nE       #4 0x5649903f96d3 <unknown>\nE       #5 0x564990422a3e <unknown>\nE       #6 0x564990435b94 <unknown>\nE       #7 0x564990422823 <unknown>\nE       #8 0x5649903f808a <unknown>\nE       #9 0x5649903f91e5 <unknown>\nE       #10 0x564990699e5d <unknown>\nE       #11 0x5649906b3061 <unknown>\nE       #12 0x56499069bbb5 <unknown>\nE       #13 0x5649906b3e08 <unknown>\nE       #14 0x56499068f2f0 <unknown>\nE       #15 0x5649906cf988 <unknown>\nE       #16 0x5649906cfb08 <unknown>\nE       #17 0x5649906e95dd <unknown>\nE       #18 0x7febfb4d1609 <unknown>\n\n..\\..\\qaguru\\qa_guru_python_allure1_7\\qa_quru_jenkins_3_10-master\\Lib\\site-packages\\selenium\\webdriver\\remote\\errorhandler.py:243: InvalidArgumentException\n\nDuring handling of the above exception, another exception occurred:\n\n    @allure.title(\"Successful fill form\")\n    def test_submitting_form():\n        allure.dynamic.tag('web')\n        allure.dynamic.severity(Severity.CRITICAL)\n        allure.dynamic.label('owner', 'olga_larionova')\n        allure.dynamic.feature('Successful fill form')\n    \n        form = Form()\n    \n        with allure.step('submit_form'):\n>           form.submit_form(olga_larionova)\n\npractice_form_test.py:18: \n_ _ _ _ _ _ _ _ _ _ _ _ _ _ _ _ _ _ _ _ _ _ _ _ _ _ _ _ _ _ _ _ _ _ _ _ _ _ _ _\n..\\demoqa_tests\\model\\pages\\practice_form.py:83: in submit_form\n    self.send_file()\n..\\demoqa_tests\\model\\pages\\practice_form.py:64: in send_file\n    browser.element('#uploadPicture').set_value(path)\n..\\..\\qaguru\\qa_guru_python_allure1_7\\qa_quru_jenkins_3_10-master\\Lib\\site-packages\\selene\\core\\entity.py:352: in set_value\n    self.wait.for_(\n..\\..\\qaguru\\qa_guru_python_allure1_7\\qa_quru_jenkins_3_10-master\\Lib\\site-packages\\selene\\core\\wait.py:147: in for_\n    return _(fn)\n_ _ _ _ _ _ _ _ _ _ _ _ _ _ _ _ _ _ _ _ _ _ _ _ _ _ _ _ _ _ _ _ _ _ _ _ _ _ _ _\n\nfn = <selene.core.wait.Command object at 0x000001D2F7D39550>\n\n    @self._decorator(self)\n    def _(fn: Callable[[E], R]) -> R:\n        finish_time = time.time() + self._timeout\n    \n        while True:\n            try:\n                return fn(self.entity)\n            except Exception as reason:\n                if time.time() > finish_time:\n    \n                    reason_message = str(reason)\n    \n                    reason_string = '{name}: {message}'.format(\n                        name=reason.__class__.__name__,\n                        message=reason_message,\n                    )\n                    # todo: think on how can we improve logging failures in selene, e.g. reverse msg and stacktrace\n                    # stacktrace = getattr(reason, 'stacktrace', None)\n                    timeout = self._timeout\n                    entity = self.entity\n    \n                    failure = TimeoutException(\n                        f'\\n'\n                        f'\\nTimed out after {timeout}s, while waiting for:'\n                        f'\\n{entity}.{fn}'\n                        f'\\n'\n                        f'\\nReason: {reason_string}'\n                    )\n    \n>                   raise self._hook_failure(failure)\nE                   selene.core.exceptions.TimeoutException: Message: \nE                   \nE                   Timed out after 4s, while waiting for:\nE                   browser.element(('css selector', '#uploadPicture')).set value: C:\\Users\\User\\Projects\\qa_quru_jenkins_3_10-master\\tests\\resources\\img1.png\nE                   \nE                   Reason: InvalidArgumentException: Message: invalid argument: File not found : C:\\Users\\User\\Projects\\qa_quru_jenkins_3_10-master\\tests\\resources\\img1.png\nE                     (Session info: chrome=100.0.4896.60)\nE                   Stacktrace:\nE                   #0 0x56499066c013 <unknown>\nE                   #1 0x5649903cea08 <unknown>\nE                   #2 0x5649903fddd6 <unknown>\nE                   #3 0x564990422932 <unknown>\nE                   #4 0x5649903f96d3 <unknown>\nE                   #5 0x564990422a3e <unknown>\nE                   #6 0x564990435b94 <unknown>\nE                   #7 0x564990422823 <unknown>\nE                   #8 0x5649903f808a <unknown>\nE                   #9 0x5649903f91e5 <unknown>\nE                   #10 0x564990699e5d <unknown>\nE                   #11 0x5649906b3061 <unknown>\nE                   #12 0x56499069bbb5 <unknown>\nE                   #13 0x5649906b3e08 <unknown>\nE                   #14 0x56499068f2f0 <unknown>\nE                   #15 0x5649906cf988 <unknown>\nE                   #16 0x5649906cfb08 <unknown>\nE                   #17 0x5649906e95dd <unknown>\nE                   #18 0x7febfb4d1609 <unknown>\nE                   \nE                   Screenshot: file://C:\\Users\\User\\.selene\\screenshots\\1674599624966\\1674599624967.png\nE                   PageSource: file://C:\\Users\\User\\.selene\\screenshots\\1674599624966\\1674599624967.html\n\n..\\..\\qaguru\\qa_guru_python_allure1_7\\qa_quru_jenkins_3_10-master\\Lib\\site-packages\\selene\\core\\wait.py:145: TimeoutException"}, "steps": [{"name": "submit_form", "status": "failed", "statusDetails": {"message": "selene.core.exceptions.TimeoutException: Message: \n\nTimed out after 4s, while waiting for:\nbrowser.element(('css selector', '#uploadPicture')).set value: C:\\Users\\User\\Projects\\qa_quru_jenkins_3_10-master\\tests\\resources\\img1.png\n\nReason: InvalidArgumentException: Message: invalid argument: File not found : C:\\Users\\User\\Projects\\qa_quru_jenkins_3_10-master\\tests\\resources\\img1.png\n  (Session info: chrome=100.0.4896.60)\nStacktrace:\n#0 0x56499066c013 <unknown>\n#1 0x5649903cea08 <unknown>\n#2 0x5649903fddd6 <unknown>\n#3 0x564990422932 <unknown>\n#4 0x5649903f96d3 <unknown>\n#5 0x564990422a3e <unknown>\n#6 0x564990435b94 <unknown>\n#7 0x564990422823 <unknown>\n#8 0x5649903f808a <unknown>\n#9 0x5649903f91e5 <unknown>\n#10 0x564990699e5d <unknown>\n#11 0x5649906b3061 <unknown>\n#12 0x56499069bbb5 <unknown>\n#13 0x5649906b3e08 <unknown>\n#14 0x56499068f2f0 <unknown>\n#15 0x5649906cf988 <unknown>\n#16 0x5649906cfb08 <unknown>\n#17 0x5649906e95dd <unknown>\n#18 0x7febfb4d1609 <unknown>\n\nScreenshot: file://C:\\Users\\User\\.selene\\screenshots\\1674599624966\\1674599624967.png\nPageSource: file://C:\\Users\\User\\.selene\\screenshots\\1674599624966\\1674599624967.html\n\n", "trace": "  File \"C:\\Users\\User\\Projects\\qa_quru_jenkins_3_10-master\\tests\\practice_form_test.py\", line 18, in test_submitting_form\n    form.submit_form(olga_larionova)\n  File \"C:\\Users\\User\\Projects\\qa_quru_jenkins_3_10-master\\demoqa_tests\\model\\pages\\practice_form.py\", line 83, in submit_form\n    self.send_file()\n  File \"C:\\Users\\User\\Projects\\qa_quru_jenkins_3_10-master\\demoqa_tests\\model\\pages\\practice_form.py\", line 64, in send_file\n    browser.element('#uploadPicture').set_value(path)\n  File \"C:\\Users\\User\\Projects\\qaguru\\qa_guru_python_allure1_7\\qa_quru_jenkins_3_10-master\\Lib\\site-packages\\selene\\core\\entity.py\", line 352, in set_value\n    self.wait.for_(\n  File \"C:\\Users\\User\\Projects\\qaguru\\qa_guru_python_allure1_7\\qa_quru_jenkins_3_10-master\\Lib\\site-packages\\selene\\core\\wait.py\", line 147, in for_\n    return _(fn)\n           ^^^^^\n  File \"C:\\Users\\User\\Projects\\qaguru\\qa_guru_python_allure1_7\\qa_quru_jenkins_3_10-master\\Lib\\site-packages\\selene\\core\\wait.py\", line 145, in _\n    raise self._hook_failure(failure)\n"}, "start": 1674599631966, "stop": 1674599648266}], "start": 1674599631966, "stop": 1674599648268, "uuid": "2b014b40-4c8f-44c9-8392-407431fe50de", "historyId": "b31facdce04c51fc5a30528a6f212199", "testCaseId": "eed6e21bd7ce73639af17a7971218c1f", "fullName": "tests.practice_form_test#test_submitting_form", "labels": [{"name": "tag", "value": "web"}, {"name": "severity", "value": "critical"}, {"name": "owner", "value": "olga_larionova"}, {"name": "feature", "value": "Successful fill form"}, {"name": "parentSuite", "value": "tests"}, {"name": "suite", "value": "practice_form_test"}, {"name": "host", "value": "WIN-P9965H8TJFO"}, {"name": "thread", "value": "9756-MainThread"}, {"name": "framework", "value": "pytest"}, {"name": "language", "value": "cpython3"}, {"name": "package", "value": "tests.practice_form_test"}]}